<?xml version="1.0" encoding="UTF-8"?>
<!-- Generated by org.testng.reporters.JUnitReportReporter -->
<testsuite hostname="MAC41QLVDQ" failures="1" tests="3" name="ca.google.tests.GoogleSearch" time="12.424" errors="0" timestamp="2021-10-01T20:41:28 CDT" skipped="0">
  <testcase classname="ca.google.tests.GoogleSearch" name="invalidSearch" time="4.173">
    <failure message="The first link in search page is not for Kira Systems" type="java.lang.AssertionError">
      <![CDATA[java.lang.AssertionError: The first link in search page is not for Kira Systems
at org.testng.Assert.fail(Assert.java:99)
at ca.google.methods.GoogleHome.verifyLink(GoogleHome.java:137)
at ca.google.tests.GoogleSearch.invalidSearch(GoogleSearch.java:56)
at java.base/jdk.internal.reflect.NativeMethodAccessorImpl.invoke0(Native Method)
at java.base/jdk.internal.reflect.NativeMethodAccessorImpl.invoke(NativeMethodAccessorImpl.java:62)
at java.base/jdk.internal.reflect.DelegatingMethodAccessorImpl.invoke(DelegatingMethodAccessorImpl.java:43)
at java.base/java.lang.reflect.Method.invoke(Method.java:567)
at org.testng.internal.MethodInvocationHelper.invokeMethod(MethodInvocationHelper.java:133)
at org.testng.internal.TestInvoker.invokeMethod(TestInvoker.java:598)
at org.testng.internal.TestInvoker.invokeTestMethod(TestInvoker.java:173)
at org.testng.internal.MethodRunner.runInSequence(MethodRunner.java:46)
at org.testng.internal.TestInvoker$MethodInvocationAgent.invoke(TestInvoker.java:824)
at org.testng.internal.TestInvoker.invokeTestMethods(TestInvoker.java:146)
at org.testng.internal.TestMethodWorker.invokeTestMethods(TestMethodWorker.java:146)
at org.testng.internal.TestMethodWorker.run(TestMethodWorker.java:128)
at java.base/java.util.ArrayList.forEach(ArrayList.java:1540)
at org.testng.TestRunner.privateRun(TestRunner.java:794)
at org.testng.TestRunner.run(TestRunner.java:596)
at org.testng.SuiteRunner.runTest(SuiteRunner.java:377)
at org.testng.SuiteRunner.runSequentially(SuiteRunner.java:371)
at org.testng.SuiteRunner.privateRun(SuiteRunner.java:332)
at org.testng.SuiteRunner.run(SuiteRunner.java:276)
at org.testng.SuiteRunnerWorker.runSuite(SuiteRunnerWorker.java:53)
at org.testng.SuiteRunnerWorker.run(SuiteRunnerWorker.java:96)
at org.testng.TestNG.runSuitesSequentially(TestNG.java:1212)
at org.testng.TestNG.runSuitesLocally(TestNG.java:1134)
at org.testng.TestNG.runSuites(TestNG.java:1063)
at org.testng.TestNG.run(TestNG.java:1031)
at org.testng.remote.AbstractRemoteTestNG.run(AbstractRemoteTestNG.java:115)
at org.testng.remote.RemoteTestNG.initAndRun(RemoteTestNG.java:251)
at org.testng.remote.RemoteTestNG.main(RemoteTestNG.java:77)
]]>
    </failure>
  </testcase> <!-- invalidSearch -->
  <system-out>
    <![CDATA[We are currently on the following URL: https://www.google.ca/
Search using keyword: Kira
Verify the first link in search results to be: https://kirasystems.com/
Link from webpage: https://www.google.ca/search?q=Kira&source=hp&ei=vbhXYZ_nN4eGjLsP16W9mAU&iflsig=ALs-wAMAAAAAYVfGzdoVq1QidOyjMcG8dfLHt0Fy09pg&ved=0ahUKEwjfub-1zKrzAhUHA2MBHddSD1MQ4dUDCAo&uact=5&oq=Kira&gs_lcp=Cgdnd3Mtd2l6EANQ6gJY8gJgiANoAHAAeACAAQCIAQCSAQCYAQCgAQE&sclient=gws-wiz#]]>
  </system-out>
  <testcase classname="ca.google.tests.GoogleSearch" name="searchForKiraSystemsUsingKeypressAndVerifyLink" time="3.721"/>
  <system-out>
    <![CDATA[We are currently on the following URL: https://www.google.ca/
Search using keyword: Kira Systems
Verify the first link in search results to be: https://kirasystems.com/
Link from webpage: https://kirasystems.com/]]>
  </system-out>
  <testcase classname="ca.google.tests.GoogleSearch" name="searchForKiraSystemsUsingAutoSuggestionAndVerifyLink" time="4.530"/>
  <system-out>
    <![CDATA[We are currently on the following URL: https://www.google.ca/
Search using keyword: Kira Systems
Verify the first link in search results to be: https://kirasystems.com/
Link from webpage: https://kirasystems.com/]]>
  </system-out>
</testsuite> <!-- ca.google.tests.GoogleSearch -->
